Using pre-set license
Built from '2021.1/staging' branch; Version is '2021.1.6f1 (c0fade0cc7e9) revision 12647134'; Using compiler version '192528614'; Build Type 'Release'
OS: 'Windows 10 Home; OS build 19042.1466; Version 2009; 64bit' Language: 'en' Physical Memory: 16269 MB
BatchMode: 1, IsHumanControllingUs: 0, StartBugReporterOnCrash: 0, Is64bit: 1, IsPro: 0

 COMMAND LINE ARGUMENTS:
D:\Unity\2021.1.6f1\Editor\Unity.exe
-adb2
-batchMode
-noUpm
-name
AssetImportWorker0
-projectPath
D:/Unity/Projects/Sonic Adventure/Sonic-Adventure-Vertical-slice/Sonic Adventure
-logFile
Logs/AssetImportWorker0.log
-srvPort
52314
Successfully changed project path to: D:/Unity/Projects/Sonic Adventure/Sonic-Adventure-Vertical-slice/Sonic Adventure
D:/Unity/Projects/Sonic Adventure/Sonic-Adventure-Vertical-slice/Sonic Adventure
Using Asset Import Pipeline V2.
Refreshing native plugins compatible for Editor in 80.00 ms, found 0 plugins.
Preloading 0 native plugins for Editor in 0.00 ms.
Initialize engine version: 2021.1.6f1 (c0fade0cc7e9)
[Subsystems] Discovering subsystems at path D:/Unity/2021.1.6f1/Editor/Data/Resources/UnitySubsystems
[Subsystems] Discovering subsystems at path D:/Unity/Projects/Sonic Adventure/Sonic-Adventure-Vertical-slice/Sonic Adventure/Assets
GfxDevice: creating device client; threaded=0; jobified=0
Direct3D:
    Version:  Direct3D 11.0 [level 11.1]
    Renderer: NVIDIA GeForce GTX 1060 (ID=0x1c20)
    Vendor:   NVIDIA
    VRAM:     2987 MB
    Driver:   27.21.14.6192
Shader 'Universal Render Pipeline/Particles/Lit': fallback shader 'Universal Render Pipeline/Particles/SimpleLit' not found
Initialize mono
Mono path[0] = 'D:/Unity/2021.1.6f1/Editor/Data/Managed'
Mono path[1] = 'D:/Unity/2021.1.6f1/Editor/Data/MonoBleedingEdge/lib/mono/unityjit'
Mono config path = 'D:/Unity/2021.1.6f1/Editor/Data/MonoBleedingEdge/etc'
Using monoOptions --debugger-agent=transport=dt_socket,embedding=1,server=y,suspend=n,address=127.0.0.1:56804
Begin MonoManager ReloadAssembly
Registering precompiled unity dll's ...
Register platform support module: D:/Unity/2021.1.6f1/Editor/Data/PlaybackEngines/WindowsStandaloneSupport/UnityEditor.WindowsStandalone.Extensions.dll
Registered in 0.003453 seconds.
Native extension for WindowsStandalone target not found
Refreshing native plugins compatible for Editor in 63.38 ms, found 0 plugins.
Preloading 0 native plugins for Editor in 0.00 ms.
Mono: successfully reloaded assembly
- Completed reload, in  1.903 seconds
Platform modules already initialized, skipping
Registering precompiled user dll's ...
Registered in 0.001948 seconds.
Begin MonoManager ReloadAssembly
Native extension for WindowsStandalone target not found
Refreshing native plugins compatible for Editor in 65.46 ms, found 0 plugins.
Preloading 0 native plugins for Editor in 0.00 ms.
Mono: successfully reloaded assembly
- Completed reload, in  1.469 seconds
Platform modules already initialized, skipping
========================================================================
Worker process is ready to serve import requests
Shader 'Universal Render Pipeline/Particles/Lit': fallback shader 'Universal Render Pipeline/Particles/SimpleLit' not found
Launched and connected shader compiler UnityShaderCompiler.exe after 0.13 seconds
Refreshing native plugins compatible for Editor in 0.85 ms, found 0 plugins.
Preloading 0 native plugins for Editor in 0.00 ms.
Unloading 2593 Unused Serialized files (Serialized files now loaded: 0)
System memory in use before: 204.5 MB.
System memory in use after: 204.7 MB.

Unloading 9 unused Assets to reduce memory usage. Loaded Objects now: 3059.
Total: 3.881600 ms (FindLiveObjects: 0.362600 ms CreateObjectMapping: 0.208900 ms MarkObjects: 3.224000 ms  DeleteObjects: 0.084700 ms)

========================================================================
Received Import Request.
  path: Assets/Materials/SonicBlueSpin.mat
  artifactKey: Guid(08362734f6fd92943b6cbcc27b99a72c) Importer(815301076,1909f56bfc062723c751e8b465ee728b)
Start importing Assets/Materials/SonicBlueSpin.mat using Guid(08362734f6fd92943b6cbcc27b99a72c) Importer(815301076,1909f56bfc062723c751e8b465ee728b)  -> (artifact id: '9279d09dab22052fca368b66c03d5da6') in 0.456539 seconds 
========================================================================
Received Prepare
Registering precompiled user dll's ...
Registered in 0.001589 seconds.
Begin MonoManager ReloadAssembly
Native extension for WindowsStandalone target not found
Refreshing native plugins compatible for Editor in 0.73 ms, found 0 plugins.
Preloading 0 native plugins for Editor in 0.00 ms.
Mono: successfully reloaded assembly
- Completed reload, in  1.663 seconds
Platform modules already initialized, skipping
Shader 'Universal Render Pipeline/Particles/Lit': fallback shader 'Universal Render Pipeline/Particles/SimpleLit' not found
Refreshing native plugins compatible for Editor in 0.47 ms, found 0 plugins.
Preloading 0 native plugins for Editor in 0.00 ms.
Unloading 2457 Unused Serialized files (Serialized files now loaded: 0)
System memory in use before: 200.8 MB.
System memory in use after: 201.0 MB.

Unloading 4 unused Assets to reduce memory usage. Loaded Objects now: 3140.
Total: 2.890900 ms (FindLiveObjects: 0.509100 ms CreateObjectMapping: 0.218100 ms MarkObjects: 2.137800 ms  DeleteObjects: 0.024600 ms)

========================================================================
Received Prepare
Registering precompiled user dll's ...
Registered in 0.001899 seconds.
Begin MonoManager ReloadAssembly
Native extension for WindowsStandalone target not found
Refreshing native plugins compatible for Editor in 0.46 ms, found 0 plugins.
Preloading 0 native plugins for Editor in 0.00 ms.
Mono: successfully reloaded assembly
- Completed reload, in  1.247 seconds
Platform modules already initialized, skipping
Shader 'Universal Render Pipeline/Particles/Lit': fallback shader 'Universal Render Pipeline/Particles/SimpleLit' not found
Refreshing native plugins compatible for Editor in 0.57 ms, found 0 plugins.
Preloading 0 native plugins for Editor in 0.00 ms.
Unloading 2457 Unused Serialized files (Serialized files now loaded: 0)
System memory in use before: 200.8 MB.
System memory in use after: 201.0 MB.

Unloading 4 unused Assets to reduce memory usage. Loaded Objects now: 3143.
Total: 3.259800 ms (FindLiveObjects: 0.224000 ms CreateObjectMapping: 0.125500 ms MarkObjects: 2.860200 ms  DeleteObjects: 0.048700 ms)

========================================================================
Received Prepare
Registering precompiled user dll's ...
Registered in 0.002007 seconds.
Begin MonoManager ReloadAssembly
Native extension for WindowsStandalone target not found
Refreshing native plugins compatible for Editor in 0.44 ms, found 0 plugins.
Preloading 0 native plugins for Editor in 0.00 ms.
Mono: successfully reloaded assembly
- Completed reload, in  1.194 seconds
Platform modules already initialized, skipping
Shader 'Universal Render Pipeline/Particles/Lit': fallback shader 'Universal Render Pipeline/Particles/SimpleLit' not found
Refreshing native plugins compatible for Editor in 0.46 ms, found 0 plugins.
Preloading 0 native plugins for Editor in 0.00 ms.
Unloading 2457 Unused Serialized files (Serialized files now loaded: 0)
System memory in use before: 200.8 MB.
System memory in use after: 201.0 MB.

Unloading 4 unused Assets to reduce memory usage. Loaded Objects now: 3146.
Total: 2.721700 ms (FindLiveObjects: 0.247800 ms CreateObjectMapping: 0.125200 ms MarkObjects: 2.318300 ms  DeleteObjects: 0.029100 ms)

========================================================================
Received Prepare
Registering precompiled user dll's ...
Registered in 0.002121 seconds.
Begin MonoManager ReloadAssembly
Native extension for WindowsStandalone target not found
Refreshing native plugins compatible for Editor in 0.58 ms, found 0 plugins.
Preloading 0 native plugins for Editor in 0.00 ms.
Mono: successfully reloaded assembly
- Completed reload, in  1.201 seconds
Platform modules already initialized, skipping
Shader 'Universal Render Pipeline/Particles/Lit': fallback shader 'Universal Render Pipeline/Particles/SimpleLit' not found
Refreshing native plugins compatible for Editor in 0.47 ms, found 0 plugins.
Preloading 0 native plugins for Editor in 0.00 ms.
Unloading 2457 Unused Serialized files (Serialized files now loaded: 0)
System memory in use before: 200.8 MB.
System memory in use after: 201.0 MB.

Unloading 4 unused Assets to reduce memory usage. Loaded Objects now: 3149.
Total: 2.596300 ms (FindLiveObjects: 0.343600 ms CreateObjectMapping: 0.155900 ms MarkObjects: 2.078500 ms  DeleteObjects: 0.017100 ms)

========================================================================
Received Prepare
Registering precompiled user dll's ...
Registered in 0.002150 seconds.
Begin MonoManager ReloadAssembly
Native extension for WindowsStandalone target not found
Refreshing native plugins compatible for Editor in 0.44 ms, found 0 plugins.
Preloading 0 native plugins for Editor in 0.00 ms.
Mono: successfully reloaded assembly
- Completed reload, in  1.202 seconds
Platform modules already initialized, skipping
Shader 'Universal Render Pipeline/Particles/Lit': fallback shader 'Universal Render Pipeline/Particles/SimpleLit' not found
Refreshing native plugins compatible for Editor in 0.80 ms, found 0 plugins.
Preloading 0 native plugins for Editor in 0.00 ms.
Unloading 2457 Unused Serialized files (Serialized files now loaded: 0)
System memory in use before: 200.7 MB.
System memory in use after: 200.9 MB.

Unloading 4 unused Assets to reduce memory usage. Loaded Objects now: 3152.
Total: 3.682400 ms (FindLiveObjects: 0.238300 ms CreateObjectMapping: 0.132500 ms MarkObjects: 3.293500 ms  DeleteObjects: 0.016900 ms)

========================================================================
Received Prepare
Registering precompiled user dll's ...
Registered in 0.001521 seconds.
Begin MonoManager ReloadAssembly
Native extension for WindowsStandalone target not found
Refreshing native plugins compatible for Editor in 0.47 ms, found 0 plugins.
Preloading 0 native plugins for Editor in 0.00 ms.
Mono: successfully reloaded assembly
- Completed reload, in  1.213 seconds
Platform modules already initialized, skipping
Shader 'Universal Render Pipeline/Particles/Lit': fallback shader 'Universal Render Pipeline/Particles/SimpleLit' not found
Refreshing native plugins compatible for Editor in 0.51 ms, found 0 plugins.
Preloading 0 native plugins for Editor in 0.00 ms.
Unloading 2457 Unused Serialized files (Serialized files now loaded: 0)
System memory in use before: 200.8 MB.
System memory in use after: 201.0 MB.

Unloading 4 unused Assets to reduce memory usage. Loaded Objects now: 3155.
Total: 3.165300 ms (FindLiveObjects: 0.437100 ms CreateObjectMapping: 0.172500 ms MarkObjects: 2.523500 ms  DeleteObjects: 0.030700 ms)

========================================================================
Received Prepare
Registering precompiled user dll's ...
Registered in 0.001388 seconds.
Begin MonoManager ReloadAssembly
Native extension for WindowsStandalone target not found
Refreshing native plugins compatible for Editor in 0.87 ms, found 0 plugins.
Preloading 0 native plugins for Editor in 0.00 ms.
Mono: successfully reloaded assembly
- Completed reload, in  1.144 seconds
Platform modules already initialized, skipping
Shader 'Universal Render Pipeline/Particles/Lit': fallback shader 'Universal Render Pipeline/Particles/SimpleLit' not found
Refreshing native plugins compatible for Editor in 0.63 ms, found 0 plugins.
Preloading 0 native plugins for Editor in 0.00 ms.
Unloading 2457 Unused Serialized files (Serialized files now loaded: 0)
System memory in use before: 200.8 MB.
System memory in use after: 201.0 MB.

Unloading 4 unused Assets to reduce memory usage. Loaded Objects now: 3158.
Total: 2.383400 ms (FindLiveObjects: 0.227300 ms CreateObjectMapping: 0.144900 ms MarkObjects: 1.993200 ms  DeleteObjects: 0.017100 ms)

========================================================================
Received Prepare
Registering precompiled user dll's ...
Registered in 0.001807 seconds.
Begin MonoManager ReloadAssembly
Native extension for WindowsStandalone target not found
Refreshing native plugins compatible for Editor in 0.52 ms, found 0 plugins.
Preloading 0 native plugins for Editor in 0.00 ms.
Mono: successfully reloaded assembly
- Completed reload, in  1.174 seconds
Platform modules already initialized, skipping
Shader 'Universal Render Pipeline/Particles/Lit': fallback shader 'Universal Render Pipeline/Particles/SimpleLit' not found
Refreshing native plugins compatible for Editor in 0.45 ms, found 0 plugins.
Preloading 0 native plugins for Editor in 0.00 ms.
Unloading 2457 Unused Serialized files (Serialized files now loaded: 0)
System memory in use before: 200.8 MB.
System memory in use after: 201.0 MB.

Unloading 4 unused Assets to reduce memory usage. Loaded Objects now: 3161.
Total: 2.592200 ms (FindLiveObjects: 0.218100 ms CreateObjectMapping: 0.140300 ms MarkObjects: 2.200500 ms  DeleteObjects: 0.032300 ms)

========================================================================
Received Prepare
Registering precompiled user dll's ...
Registered in 0.001380 seconds.
Begin MonoManager ReloadAssembly
Native extension for WindowsStandalone target not found
Refreshing native plugins compatible for Editor in 0.59 ms, found 0 plugins.
Preloading 0 native plugins for Editor in 0.00 ms.
Mono: successfully reloaded assembly
- Completed reload, in  1.190 seconds
Platform modules already initialized, skipping
Shader 'Universal Render Pipeline/Particles/Lit': fallback shader 'Universal Render Pipeline/Particles/SimpleLit' not found
Refreshing native plugins compatible for Editor in 0.48 ms, found 0 plugins.
Preloading 0 native plugins for Editor in 0.00 ms.
Unloading 2457 Unused Serialized files (Serialized files now loaded: 0)
System memory in use before: 200.8 MB.
System memory in use after: 201.0 MB.

Unloading 4 unused Assets to reduce memory usage. Loaded Objects now: 3164.
Total: 3.591200 ms (FindLiveObjects: 0.387800 ms CreateObjectMapping: 0.197200 ms MarkObjects: 2.984000 ms  DeleteObjects: 0.020600 ms)

========================================================================
Received Prepare
Registering precompiled user dll's ...
Registered in 0.001812 seconds.
Begin MonoManager ReloadAssembly
Native extension for WindowsStandalone target not found
Refreshing native plugins compatible for Editor in 0.58 ms, found 0 plugins.
Preloading 0 native plugins for Editor in 0.00 ms.
Mono: successfully reloaded assembly
- Completed reload, in  1.332 seconds
Platform modules already initialized, skipping
Shader 'Universal Render Pipeline/Particles/Lit': fallback shader 'Universal Render Pipeline/Particles/SimpleLit' not found
Refreshing native plugins compatible for Editor in 0.46 ms, found 0 plugins.
Preloading 0 native plugins for Editor in 0.00 ms.
Unloading 2457 Unused Serialized files (Serialized files now loaded: 0)
System memory in use before: 200.7 MB.
System memory in use after: 200.9 MB.

Unloading 4 unused Assets to reduce memory usage. Loaded Objects now: 3167.
Total: 3.679700 ms (FindLiveObjects: 0.291500 ms CreateObjectMapping: 0.158100 ms MarkObjects: 3.213600 ms  DeleteObjects: 0.015100 ms)

========================================================================
Received Prepare
Registering precompiled user dll's ...
Registered in 0.002386 seconds.
Begin MonoManager ReloadAssembly
Native extension for WindowsStandalone target not found
Refreshing native plugins compatible for Editor in 0.64 ms, found 0 plugins.
Preloading 0 native plugins for Editor in 0.00 ms.
Mono: successfully reloaded assembly
- Completed reload, in  1.243 seconds
Platform modules already initialized, skipping
Shader 'Universal Render Pipeline/Particles/Lit': fallback shader 'Universal Render Pipeline/Particles/SimpleLit' not found
Refreshing native plugins compatible for Editor in 0.44 ms, found 0 plugins.
Preloading 0 native plugins for Editor in 0.00 ms.
Unloading 2457 Unused Serialized files (Serialized files now loaded: 0)
System memory in use before: 200.8 MB.
System memory in use after: 201.1 MB.

Unloading 4 unused Assets to reduce memory usage. Loaded Objects now: 3170.
Total: 2.635800 ms (FindLiveObjects: 0.237900 ms CreateObjectMapping: 0.126400 ms MarkObjects: 2.251800 ms  DeleteObjects: 0.018300 ms)

========================================================================
Received Prepare
Registering precompiled user dll's ...
Registered in 0.001593 seconds.
Begin MonoManager ReloadAssembly
Native extension for WindowsStandalone target not found
Refreshing native plugins compatible for Editor in 0.51 ms, found 0 plugins.
Preloading 0 native plugins for Editor in 0.00 ms.
Mono: successfully reloaded assembly
- Completed reload, in  1.155 seconds
Platform modules already initialized, skipping
Shader 'Universal Render Pipeline/Particles/Lit': fallback shader 'Universal Render Pipeline/Particles/SimpleLit' not found
Refreshing native plugins compatible for Editor in 0.72 ms, found 0 plugins.
Preloading 0 native plugins for Editor in 0.00 ms.
Unloading 2457 Unused Serialized files (Serialized files now loaded: 0)
System memory in use before: 200.8 MB.
System memory in use after: 201.1 MB.

Unloading 4 unused Assets to reduce memory usage. Loaded Objects now: 3173.
Total: 3.472400 ms (FindLiveObjects: 0.440400 ms CreateObjectMapping: 0.308900 ms MarkObjects: 2.702300 ms  DeleteObjects: 0.019400 ms)

========================================================================
Received Prepare
Registering precompiled user dll's ...
Registered in 0.002252 seconds.
Begin MonoManager ReloadAssembly
Native extension for WindowsStandalone target not found
Refreshing native plugins compatible for Editor in 0.45 ms, found 0 plugins.
Preloading 0 native plugins for Editor in 0.00 ms.
Mono: successfully reloaded assembly
- Completed reload, in  1.214 seconds
Platform modules already initialized, skipping
Shader 'Universal Render Pipeline/Particles/Lit': fallback shader 'Universal Render Pipeline/Particles/SimpleLit' not found
Refreshing native plugins compatible for Editor in 0.62 ms, found 0 plugins.
Preloading 0 native plugins for Editor in 0.00 ms.
Unloading 2457 Unused Serialized files (Serialized files now loaded: 0)
System memory in use before: 200.8 MB.
System memory in use after: 201.1 MB.

Unloading 4 unused Assets to reduce memory usage. Loaded Objects now: 3176.
Total: 2.748400 ms (FindLiveObjects: 0.257600 ms CreateObjectMapping: 0.119800 ms MarkObjects: 2.353700 ms  DeleteObjects: 0.016200 ms)

========================================================================
Received Prepare
Registering precompiled user dll's ...
Registered in 0.001542 seconds.
Begin MonoManager ReloadAssembly
Native extension for WindowsStandalone target not found
Refreshing native plugins compatible for Editor in 0.51 ms, found 0 plugins.
Preloading 0 native plugins for Editor in 0.00 ms.
Mono: successfully reloaded assembly
- Completed reload, in  1.246 seconds
Platform modules already initialized, skipping
Shader 'Universal Render Pipeline/Particles/Lit': fallback shader 'Universal Render Pipeline/Particles/SimpleLit' not found
Refreshing native plugins compatible for Editor in 0.57 ms, found 0 plugins.
Preloading 0 native plugins for Editor in 0.00 ms.
Unloading 2457 Unused Serialized files (Serialized files now loaded: 0)
System memory in use before: 200.8 MB.
System memory in use after: 201.1 MB.

Unloading 4 unused Assets to reduce memory usage. Loaded Objects now: 3179.
Total: 3.446400 ms (FindLiveObjects: 0.271500 ms CreateObjectMapping: 0.152800 ms MarkObjects: 3.005100 ms  DeleteObjects: 0.015500 ms)

========================================================================
Received Prepare
Registering precompiled user dll's ...
Registered in 0.001818 seconds.
Begin MonoManager ReloadAssembly
Native extension for WindowsStandalone target not found
Refreshing native plugins compatible for Editor in 0.55 ms, found 0 plugins.
Preloading 0 native plugins for Editor in 0.00 ms.
Mono: successfully reloaded assembly
- Completed reload, in  1.175 seconds
Platform modules already initialized, skipping
Shader 'Universal Render Pipeline/Particles/Lit': fallback shader 'Universal Render Pipeline/Particles/SimpleLit' not found
Refreshing native plugins compatible for Editor in 0.43 ms, found 0 plugins.
Preloading 0 native plugins for Editor in 0.00 ms.
Unloading 2457 Unused Serialized files (Serialized files now loaded: 0)
System memory in use before: 200.8 MB.
System memory in use after: 201.0 MB.

Unloading 4 unused Assets to reduce memory usage. Loaded Objects now: 3182.
Total: 5.343100 ms (FindLiveObjects: 0.567600 ms CreateObjectMapping: 0.238300 ms MarkObjects: 4.516500 ms  DeleteObjects: 0.019000 ms)

========================================================================
Received Prepare
Registering precompiled user dll's ...
Registered in 0.001763 seconds.
Begin MonoManager ReloadAssembly
Native extension for WindowsStandalone target not found
Refreshing native plugins compatible for Editor in 0.67 ms, found 0 plugins.
Preloading 0 native plugins for Editor in 0.00 ms.
Mono: successfully reloaded assembly
- Completed reload, in  1.306 seconds
Platform modules already initialized, skipping
Shader 'Universal Render Pipeline/Particles/Lit': fallback shader 'Universal Render Pipeline/Particles/SimpleLit' not found
Refreshing native plugins compatible for Editor in 0.50 ms, found 0 plugins.
Preloading 0 native plugins for Editor in 0.00 ms.
Unloading 2457 Unused Serialized files (Serialized files now loaded: 0)
System memory in use before: 200.9 MB.
System memory in use after: 201.1 MB.

Unloading 4 unused Assets to reduce memory usage. Loaded Objects now: 3185.
Total: 3.233000 ms (FindLiveObjects: 0.271300 ms CreateObjectMapping: 0.202100 ms MarkObjects: 2.741500 ms  DeleteObjects: 0.016400 ms)

========================================================================
Received Import Request.
  Time since last request: 2961.955302 seconds.
  path: Assets/Animations/Sonic/Sphere.controller
  artifactKey: Guid(fc68fb5e48e7e3b4d8c90a3fcc9ee582) Importer(815301076,1909f56bfc062723c751e8b465ee728b)
Start importing Assets/Animations/Sonic/Sphere.controller using Guid(fc68fb5e48e7e3b4d8c90a3fcc9ee582) Importer(815301076,1909f56bfc062723c751e8b465ee728b)  -> (artifact id: '0ce3216acaed31c9cb5d762230c4df07') in 0.239515 seconds 
========================================================================
Received Prepare
Registering precompiled user dll's ...
Registered in 0.002477 seconds.
Begin MonoManager ReloadAssembly
Native extension for WindowsStandalone target not found
Refreshing native plugins compatible for Editor in 0.71 ms, found 0 plugins.
Preloading 0 native plugins for Editor in 0.00 ms.
Mono: successfully reloaded assembly
- Completed reload, in  1.329 seconds
Platform modules already initialized, skipping
Shader 'Universal Render Pipeline/Particles/Lit': fallback shader 'Universal Render Pipeline/Particles/SimpleLit' not found
Refreshing native plugins compatible for Editor in 0.44 ms, found 0 plugins.
Preloading 0 native plugins for Editor in 0.00 ms.
Unloading 2457 Unused Serialized files (Serialized files now loaded: 0)
System memory in use before: 200.9 MB.
System memory in use after: 201.1 MB.

Unloading 4 unused Assets to reduce memory usage. Loaded Objects now: 3188.
Total: 2.721800 ms (FindLiveObjects: 0.220800 ms CreateObjectMapping: 0.107500 ms MarkObjects: 2.376000 ms  DeleteObjects: 0.015100 ms)

========================================================================
Received Prepare
Registering precompiled user dll's ...
Registered in 0.002726 seconds.
Begin MonoManager ReloadAssembly
Native extension for WindowsStandalone target not found
Refreshing native plugins compatible for Editor in 0.66 ms, found 0 plugins.
Preloading 0 native plugins for Editor in 0.00 ms.
Mono: successfully reloaded assembly
- Completed reload, in  1.227 seconds
Platform modules already initialized, skipping
Shader 'Universal Render Pipeline/Particles/Lit': fallback shader 'Universal Render Pipeline/Particles/SimpleLit' not found
Refreshing native plugins compatible for Editor in 0.44 ms, found 0 plugins.
Preloading 0 native plugins for Editor in 0.00 ms.
Unloading 2457 Unused Serialized files (Serialized files now loaded: 0)
System memory in use before: 200.9 MB.
System memory in use after: 201.1 MB.

Unloading 4 unused Assets to reduce memory usage. Loaded Objects now: 3191.
Total: 2.550300 ms (FindLiveObjects: 0.249400 ms CreateObjectMapping: 0.141900 ms MarkObjects: 2.144200 ms  DeleteObjects: 0.013800 ms)

========================================================================
Received Prepare
Registering precompiled user dll's ...
Registered in 0.002396 seconds.
Begin MonoManager ReloadAssembly
Native extension for WindowsStandalone target not found
Refreshing native plugins compatible for Editor in 0.63 ms, found 0 plugins.
Preloading 0 native plugins for Editor in 0.00 ms.
Mono: successfully reloaded assembly
- Completed reload, in  1.299 seconds
Platform modules already initialized, skipping
Shader 'Universal Render Pipeline/Particles/Lit': fallback shader 'Universal Render Pipeline/Particles/SimpleLit' not found
Refreshing native plugins compatible for Editor in 0.68 ms, found 0 plugins.
Preloading 0 native plugins for Editor in 0.00 ms.
Unloading 2457 Unused Serialized files (Serialized files now loaded: 0)
System memory in use before: 200.9 MB.
System memory in use after: 201.1 MB.

Unloading 4 unused Assets to reduce memory usage. Loaded Objects now: 3194.
Total: 2.537400 ms (FindLiveObjects: 0.316600 ms CreateObjectMapping: 0.175500 ms MarkObjects: 2.028400 ms  DeleteObjects: 0.015800 ms)

========================================================================
Received Import Request.
  Time since last request: 545.370686 seconds.
  path: Assets/Animations/Sonic/Sphere.controller
  artifactKey: Guid(fc68fb5e48e7e3b4d8c90a3fcc9ee582) Importer(815301076,1909f56bfc062723c751e8b465ee728b)
Start importing Assets/Animations/Sonic/Sphere.controller using Guid(fc68fb5e48e7e3b4d8c90a3fcc9ee582) Importer(815301076,1909f56bfc062723c751e8b465ee728b)  -> (artifact id: 'ec3bc03d2261711f36094b08873615d8') in 0.103930 seconds 
========================================================================
Received Import Request.
  Time since last request: 16.468519 seconds.
  path: Assets/Materials/SonicBlueSpin.mat
  artifactKey: Guid(08362734f6fd92943b6cbcc27b99a72c) Importer(815301076,1909f56bfc062723c751e8b465ee728b)
Start importing Assets/Materials/SonicBlueSpin.mat using Guid(08362734f6fd92943b6cbcc27b99a72c) Importer(815301076,1909f56bfc062723c751e8b465ee728b)  -> (artifact id: 'befb91b2c73bdeb07ebc1cff4b24156a') in 0.213347 seconds 
========================================================================
Received Prepare
Registering precompiled user dll's ...
Registered in 0.001424 seconds.
Begin MonoManager ReloadAssembly
Native extension for WindowsStandalone target not found
Refreshing native plugins compatible for Editor in 0.63 ms, found 0 plugins.
Preloading 0 native plugins for Editor in 0.00 ms.
Mono: successfully reloaded assembly
- Completed reload, in  1.202 seconds
Platform modules already initialized, skipping
Shader 'Universal Render Pipeline/Particles/Lit': fallback shader 'Universal Render Pipeline/Particles/SimpleLit' not found
Refreshing native plugins compatible for Editor in 0.52 ms, found 0 plugins.
Preloading 0 native plugins for Editor in 0.00 ms.
Unloading 2457 Unused Serialized files (Serialized files now loaded: 0)
System memory in use before: 201.1 MB.
System memory in use after: 201.3 MB.

Unloading 4 unused Assets to reduce memory usage. Loaded Objects now: 3233.
Total: 3.418000 ms (FindLiveObjects: 0.354000 ms CreateObjectMapping: 0.150600 ms MarkObjects: 2.869300 ms  DeleteObjects: 0.041800 ms)

========================================================================
Received Prepare
Registering precompiled user dll's ...
Registered in 0.002018 seconds.
Begin MonoManager ReloadAssembly
Native extension for WindowsStandalone target not found
Refreshing native plugins compatible for Editor in 0.42 ms, found 0 plugins.
Preloading 0 native plugins for Editor in 0.00 ms.
Mono: successfully reloaded assembly
- Completed reload, in  1.188 seconds
Platform modules already initialized, skipping
Shader 'Universal Render Pipeline/Particles/Lit': fallback shader 'Universal Render Pipeline/Particles/SimpleLit' not found
Refreshing native plugins compatible for Editor in 0.45 ms, found 0 plugins.
Preloading 0 native plugins for Editor in 0.00 ms.
Unloading 2457 Unused Serialized files (Serialized files now loaded: 0)
System memory in use before: 201.1 MB.
System memory in use after: 201.3 MB.

Unloading 4 unused Assets to reduce memory usage. Loaded Objects now: 3236.
Total: 3.184600 ms (FindLiveObjects: 0.268100 ms CreateObjectMapping: 0.184600 ms MarkObjects: 2.701400 ms  DeleteObjects: 0.029200 ms)

========================================================================
Received Prepare
Registering precompiled user dll's ...
Registered in 0.002119 seconds.
Begin MonoManager ReloadAssembly
Native extension for WindowsStandalone target not found
Refreshing native plugins compatible for Editor in 0.46 ms, found 0 plugins.
Preloading 0 native plugins for Editor in 0.00 ms.
Mono: successfully reloaded assembly
- Completed reload, in  1.186 seconds
Platform modules already initialized, skipping
Shader 'Universal Render Pipeline/Particles/Lit': fallback shader 'Universal Render Pipeline/Particles/SimpleLit' not found
Refreshing native plugins compatible for Editor in 0.46 ms, found 0 plugins.
Preloading 0 native plugins for Editor in 0.00 ms.
Unloading 2457 Unused Serialized files (Serialized files now loaded: 0)
System memory in use before: 201.0 MB.
System memory in use after: 201.2 MB.

Unloading 4 unused Assets to reduce memory usage. Loaded Objects now: 3239.
Total: 2.785000 ms (FindLiveObjects: 0.241900 ms CreateObjectMapping: 0.138000 ms MarkObjects: 2.370400 ms  DeleteObjects: 0.033600 ms)

========================================================================
Received Prepare
Registering precompiled user dll's ...
Registered in 0.001716 seconds.
Begin MonoManager ReloadAssembly
Native extension for WindowsStandalone target not found
Refreshing native plugins compatible for Editor in 0.48 ms, found 0 plugins.
Preloading 0 native plugins for Editor in 0.00 ms.
Mono: successfully reloaded assembly
- Completed reload, in  1.169 seconds
Platform modules already initialized, skipping
Shader 'Universal Render Pipeline/Particles/Lit': fallback shader 'Universal Render Pipeline/Particles/SimpleLit' not found
Refreshing native plugins compatible for Editor in 0.49 ms, found 0 plugins.
Preloading 0 native plugins for Editor in 0.00 ms.
Unloading 2457 Unused Serialized files (Serialized files now loaded: 0)
System memory in use before: 200.9 MB.
System memory in use after: 201.1 MB.

Unloading 4 unused Assets to reduce memory usage. Loaded Objects now: 3242.
Total: 2.884500 ms (FindLiveObjects: 0.254800 ms CreateObjectMapping: 0.136200 ms MarkObjects: 2.474700 ms  DeleteObjects: 0.017400 ms)

========================================================================
Received Prepare
Registering precompiled user dll's ...
Registered in 0.001975 seconds.
Begin MonoManager ReloadAssembly
Native extension for WindowsStandalone target not found
Refreshing native plugins compatible for Editor in 0.43 ms, found 0 plugins.
Preloading 0 native plugins for Editor in 0.00 ms.
Mono: successfully reloaded assembly
- Completed reload, in  1.211 seconds
Platform modules already initialized, skipping
Shader 'Universal Render Pipeline/Particles/Lit': fallback shader 'Universal Render Pipeline/Particles/SimpleLit' not found
Refreshing native plugins compatible for Editor in 0.46 ms, found 0 plugins.
Preloading 0 native plugins for Editor in 0.00 ms.
Unloading 2457 Unused Serialized files (Serialized files now loaded: 0)
System memory in use before: 201.0 MB.
System memory in use after: 201.2 MB.

Unloading 4 unused Assets to reduce memory usage. Loaded Objects now: 3245.
Total: 2.457200 ms (FindLiveObjects: 0.302700 ms CreateObjectMapping: 0.121000 ms MarkObjects: 2.019000 ms  DeleteObjects: 0.013300 ms)

========================================================================
Received Prepare
Registering precompiled user dll's ...
Registered in 0.001668 seconds.
Begin MonoManager ReloadAssembly
Native extension for WindowsStandalone target not found
Refreshing native plugins compatible for Editor in 0.63 ms, found 0 plugins.
Preloading 0 native plugins for Editor in 0.00 ms.
Mono: successfully reloaded assembly
- Completed reload, in  1.207 seconds
Platform modules already initialized, skipping
Shader 'Universal Render Pipeline/Particles/Lit': fallback shader 'Universal Render Pipeline/Particles/SimpleLit' not found
Refreshing native plugins compatible for Editor in 0.46 ms, found 0 plugins.
Preloading 0 native plugins for Editor in 0.00 ms.
Unloading 2457 Unused Serialized files (Serialized files now loaded: 0)
System memory in use before: 201.0 MB.
System memory in use after: 201.3 MB.

Unloading 4 unused Assets to reduce memory usage. Loaded Objects now: 3248.
Total: 2.756300 ms (FindLiveObjects: 0.267200 ms CreateObjectMapping: 0.124200 ms MarkObjects: 2.347700 ms  DeleteObjects: 0.016100 ms)

========================================================================
Received Prepare
Registering precompiled user dll's ...
Registered in 0.001515 seconds.
Begin MonoManager ReloadAssembly
Native extension for WindowsStandalone target not found
Refreshing native plugins compatible for Editor in 0.47 ms, found 0 plugins.
Preloading 0 native plugins for Editor in 0.00 ms.
Mono: successfully reloaded assembly
- Completed reload, in  1.208 seconds
Platform modules already initialized, skipping
Shader 'Universal Render Pipeline/Particles/Lit': fallback shader 'Universal Render Pipeline/Particles/SimpleLit' not found
Refreshing native plugins compatible for Editor in 0.46 ms, found 0 plugins.
Preloading 0 native plugins for Editor in 0.00 ms.
Unloading 2457 Unused Serialized files (Serialized files now loaded: 0)
System memory in use before: 201.0 MB.
System memory in use after: 201.3 MB.

Unloading 4 unused Assets to reduce memory usage. Loaded Objects now: 3251.
Total: 2.963400 ms (FindLiveObjects: 0.371900 ms CreateObjectMapping: 0.202300 ms MarkObjects: 2.359000 ms  DeleteObjects: 0.029100 ms)

========================================================================
Received Prepare
Registering precompiled user dll's ...
Registered in 0.001640 seconds.
Begin MonoManager ReloadAssembly
Native extension for WindowsStandalone target not found
Refreshing native plugins compatible for Editor in 0.56 ms, found 0 plugins.
Preloading 0 native plugins for Editor in 0.00 ms.
Mono: successfully reloaded assembly
- Completed reload, in  1.158 seconds
Platform modules already initialized, skipping
Shader 'Universal Render Pipeline/Particles/Lit': fallback shader 'Universal Render Pipeline/Particles/SimpleLit' not found
Refreshing native plugins compatible for Editor in 0.48 ms, found 0 plugins.
Preloading 0 native plugins for Editor in 0.00 ms.
Unloading 2457 Unused Serialized files (Serialized files now loaded: 0)
System memory in use before: 201.0 MB.
System memory in use after: 201.3 MB.

Unloading 4 unused Assets to reduce memory usage. Loaded Objects now: 3254.
Total: 3.231200 ms (FindLiveObjects: 0.478600 ms CreateObjectMapping: 0.159300 ms MarkObjects: 2.546800 ms  DeleteObjects: 0.044600 ms)

========================================================================
Received Import Request.
  Time since last request: 725.985330 seconds.
  path: Assets/Materials/SonicBlueSpin.mat
  artifactKey: Guid(08362734f6fd92943b6cbcc27b99a72c) Importer(815301076,1909f56bfc062723c751e8b465ee728b)
Start importing Assets/Materials/SonicBlueSpin.mat using Guid(08362734f6fd92943b6cbcc27b99a72c) Importer(815301076,1909f56bfc062723c751e8b465ee728b)  -> (artifact id: '7548143f22b59398e1de2e38816a40e2') in 0.520922 seconds 
========================================================================
Received Import Request.
  Time since last request: 0.924031 seconds.
  path: Assets/Animations
  artifactKey: Guid(9f06b1464060a4a4087541a8a5de8810) Importer(815301076,1909f56bfc062723c751e8b465ee728b)
Start importing Assets/Animations using Guid(9f06b1464060a4a4087541a8a5de8810) Importer(815301076,1909f56bfc062723c751e8b465ee728b)  -> (artifact id: 'db74582f4489046cecc1faaf4f498a24') in 0.010169 seconds 
========================================================================
Received Import Request.
  Time since last request: 1.387563 seconds.
  path: Assets/Animations/Sonic
  artifactKey: Guid(d1ff30de607e9034ba92e810669cd85f) Importer(815301076,1909f56bfc062723c751e8b465ee728b)
Start importing Assets/Animations/Sonic using Guid(d1ff30de607e9034ba92e810669cd85f) Importer(815301076,1909f56bfc062723c751e8b465ee728b)  -> (artifact id: 'fabe72c8e6e748945773998acb397f95') in 0.040318 seconds 
========================================================================
Received Import Request.
  Time since last request: 1.959262 seconds.
  path: Assets/Animations/Sonic/LightSpeedDashColorChange.anim
  artifactKey: Guid(d35c65a5989f81b478cf615c101bdc44) Importer(815301076,1909f56bfc062723c751e8b465ee728b)
Start importing Assets/Animations/Sonic/LightSpeedDashColorChange.anim using Guid(d35c65a5989f81b478cf615c101bdc44) Importer(815301076,1909f56bfc062723c751e8b465ee728b)  -> (artifact id: '7ba7cab762d48b0841e7f54da1cef59b') in 0.011801 seconds 
========================================================================
Received Prepare
Registering precompiled user dll's ...
Registered in 0.002586 seconds.
Begin MonoManager ReloadAssembly
Native extension for WindowsStandalone target not found
Refreshing native plugins compatible for Editor in 0.99 ms, found 0 plugins.
Preloading 0 native plugins for Editor in 0.00 ms.
Mono: successfully reloaded assembly
- Completed reload, in  1.272 seconds
Platform modules already initialized, skipping
Shader 'Universal Render Pipeline/Particles/Lit': fallback shader 'Universal Render Pipeline/Particles/SimpleLit' not found
Refreshing native plugins compatible for Editor in 0.47 ms, found 0 plugins.
Preloading 0 native plugins for Editor in 0.00 ms.
Unloading 2457 Unused Serialized files (Serialized files now loaded: 0)
System memory in use before: 201.2 MB.
System memory in use after: 201.4 MB.

Unloading 4 unused Assets to reduce memory usage. Loaded Objects now: 3293.
Total: 2.765200 ms (FindLiveObjects: 0.245600 ms CreateObjectMapping: 0.116900 ms MarkObjects: 2.387000 ms  DeleteObjects: 0.014300 ms)

========================================================================
Received Import Request.
  Time since last request: 6.900577 seconds.
  path: Assets/Animations/Sonic/LightSpeedDashColorChange.anim
  artifactKey: Guid(d35c65a5989f81b478cf615c101bdc44) Importer(815301076,1909f56bfc062723c751e8b465ee728b)
Start importing Assets/Animations/Sonic/LightSpeedDashColorChange.anim using Guid(d35c65a5989f81b478cf615c101bdc44) Importer(815301076,1909f56bfc062723c751e8b465ee728b)  -> (artifact id: '0b9ce4c34705080184f2dc10c94d5013') in 0.040292 seconds 
========================================================================
Received Prepare
Registering precompiled user dll's ...
Registered in 0.001632 seconds.
Begin MonoManager ReloadAssembly
Native extension for WindowsStandalone target not found
Refreshing native plugins compatible for Editor in 0.53 ms, found 0 plugins.
Preloading 0 native plugins for Editor in 0.00 ms.
Mono: successfully reloaded assembly
- Completed reload, in  1.237 seconds
Platform modules already initialized, skipping
Shader 'Universal Render Pipeline/Particles/Lit': fallback shader 'Universal Render Pipeline/Particles/SimpleLit' not found
Refreshing native plugins compatible for Editor in 0.53 ms, found 0 plugins.
Preloading 0 native plugins for Editor in 0.00 ms.
Unloading 2457 Unused Serialized files (Serialized files now loaded: 0)
System memory in use before: 201.1 MB.
System memory in use after: 201.3 MB.

Unloading 4 unused Assets to reduce memory usage. Loaded Objects now: 3296.
Total: 2.675300 ms (FindLiveObjects: 0.238000 ms CreateObjectMapping: 0.126000 ms MarkObjects: 2.296000 ms  DeleteObjects: 0.014100 ms)

========================================================================
Received Prepare
Registering precompiled user dll's ...
Registered in 0.002021 seconds.
Begin MonoManager ReloadAssembly
Native extension for WindowsStandalone target not found
Refreshing native plugins compatible for Editor in 0.55 ms, found 0 plugins.
Preloading 0 native plugins for Editor in 0.00 ms.
Mono: successfully reloaded assembly
- Completed reload, in  1.194 seconds
Platform modules already initialized, skipping
Shader 'Universal Render Pipeline/Particles/Lit': fallback shader 'Universal Render Pipeline/Particles/SimpleLit' not found
Refreshing native plugins compatible for Editor in 0.54 ms, found 0 plugins.
Preloading 0 native plugins for Editor in 0.00 ms.
Unloading 2457 Unused Serialized files (Serialized files now loaded: 0)
System memory in use before: 201.1 MB.
System memory in use after: 201.3 MB.

Unloading 4 unused Assets to reduce memory usage. Loaded Objects now: 3299.
Total: 3.306000 ms (FindLiveObjects: 0.346600 ms CreateObjectMapping: 0.152900 ms MarkObjects: 2.787200 ms  DeleteObjects: 0.017900 ms)

========================================================================
Received Prepare
Registering precompiled user dll's ...
Registered in 0.002269 seconds.
Begin MonoManager ReloadAssembly
Native extension for WindowsStandalone target not found
Refreshing native plugins compatible for Editor in 0.46 ms, found 0 plugins.
Preloading 0 native plugins for Editor in 0.00 ms.
Mono: successfully reloaded assembly
- Completed reload, in  1.194 seconds
Platform modules already initialized, skipping
Shader 'Universal Render Pipeline/Particles/Lit': fallback shader 'Universal Render Pipeline/Particles/SimpleLit' not found
Refreshing native plugins compatible for Editor in 0.66 ms, found 0 plugins.
Preloading 0 native plugins for Editor in 0.00 ms.
Unloading 2457 Unused Serialized files (Serialized files now loaded: 0)
System memory in use before: 201.0 MB.
System memory in use after: 201.2 MB.

Unloading 4 unused Assets to reduce memory usage. Loaded Objects now: 3302.
Total: 2.831500 ms (FindLiveObjects: 0.263500 ms CreateObjectMapping: 0.127300 ms MarkObjects: 2.424300 ms  DeleteObjects: 0.015400 ms)

========================================================================
Received Prepare
Registering precompiled user dll's ...
Registered in 0.001662 seconds.
Begin MonoManager ReloadAssembly
Native extension for WindowsStandalone target not found
Refreshing native plugins compatible for Editor in 0.58 ms, found 0 plugins.
Preloading 0 native plugins for Editor in 0.00 ms.
Mono: successfully reloaded assembly
- Completed reload, in  1.287 seconds
Platform modules already initialized, skipping
Shader 'Universal Render Pipeline/Particles/Lit': fallback shader 'Universal Render Pipeline/Particles/SimpleLit' not found
Refreshing native plugins compatible for Editor in 0.48 ms, found 0 plugins.
Preloading 0 native plugins for Editor in 0.00 ms.
Unloading 2457 Unused Serialized files (Serialized files now loaded: 0)
System memory in use before: 201.1 MB.
System memory in use after: 201.3 MB.

Unloading 4 unused Assets to reduce memory usage. Loaded Objects now: 3305.
Total: 3.388600 ms (FindLiveObjects: 0.232800 ms CreateObjectMapping: 0.117700 ms MarkObjects: 3.018500 ms  DeleteObjects: 0.018500 ms)

========================================================================
Received Prepare
Shader 'Universal Render Pipeline/Particles/Lit': fallback shader 'Universal Render Pipeline/Particles/SimpleLit' not found
Refreshing native plugins compatible for Editor in 1.66 ms, found 0 plugins.
Preloading 0 native plugins for Editor in 0.00 ms.
Unloading 3 Unused Serialized files (Serialized files now loaded: 0)
System memory in use before: 151.7 MB.
System memory in use after: 151.9 MB.

Unloading 2 unused Assets to reduce memory usage. Loaded Objects now: 3305.
Total: 4.556200 ms (FindLiveObjects: 0.308000 ms CreateObjectMapping: 0.170000 ms MarkObjects: 4.060600 ms  DeleteObjects: 0.016700 ms)

========================================================================
Received Prepare
Shader 'Universal Render Pipeline/Particles/Lit': fallback shader 'Universal Render Pipeline/Particles/SimpleLit' not found
Refreshing native plugins compatible for Editor in 2.15 ms, found 0 plugins.
Preloading 0 native plugins for Editor in 0.00 ms.
Unloading 3 Unused Serialized files (Serialized files now loaded: 0)
System memory in use before: 151.7 MB.
System memory in use after: 151.9 MB.

Unloading 2 unused Assets to reduce memory usage. Loaded Objects now: 3305.
Total: 3.976500 ms (FindLiveObjects: 0.420100 ms CreateObjectMapping: 0.162700 ms MarkObjects: 3.375600 ms  DeleteObjects: 0.016400 ms)

========================================================================
Received Import Request.
  Time since last request: 1204.879202 seconds.
  path: Assets/Animations/Sonic/Sphere.controller
  artifactKey: Guid(fc68fb5e48e7e3b4d8c90a3fcc9ee582) Importer(815301076,1909f56bfc062723c751e8b465ee728b)
Start importing Assets/Animations/Sonic/Sphere.controller using Guid(fc68fb5e48e7e3b4d8c90a3fcc9ee582) Importer(815301076,1909f56bfc062723c751e8b465ee728b)  -> (artifact id: '418759be339e8b5ad948e6604e19683c') in 0.221787 seconds 
========================================================================
Received Import Request.
  Time since last request: 2553.033116 seconds.
  path: Assets/Audio/Sonic
  artifactKey: Guid(713de96d8b511e34aad5ef1d3d7d7645) Importer(815301076,1909f56bfc062723c751e8b465ee728b)
Start importing Assets/Audio/Sonic using Guid(713de96d8b511e34aad5ef1d3d7d7645) Importer(815301076,1909f56bfc062723c751e8b465ee728b)  -> (artifact id: 'ec929c06926dcc0fb917aa07c4a07c17') in 0.104486 seconds 
========================================================================
Received Import Request.
  Time since last request: 0.000392 seconds.
  path: Assets/Audio/Sonic/No.wav
  artifactKey: Guid(930a51bd9d4fd3640a6f0c8255eaba1c) Importer(815301076,1909f56bfc062723c751e8b465ee728b)
Start importing Assets/Audio/Sonic/No.wav using Guid(930a51bd9d4fd3640a6f0c8255eaba1c) Importer(815301076,1909f56bfc062723c751e8b465ee728b)  -> (artifact id: 'bdca47d26c87cc0a2a47e6ff79bd461d') in 0.348219 seconds 
========================================================================
Received Import Request.
  Time since last request: 0.000294 seconds.
  path: Assets/Audio/Sonic/Yes.wav
  artifactKey: Guid(ef324dd53b69f5846b82515e906542f6) Importer(815301076,1909f56bfc062723c751e8b465ee728b)
Start importing Assets/Audio/Sonic/Yes.wav using Guid(ef324dd53b69f5846b82515e906542f6) Importer(815301076,1909f56bfc062723c751e8b465ee728b)  -> (artifact id: 'e9b280671633920c9afa1cdf9877efe8') in 0.051894 seconds 
========================================================================
Received Import Request.
  Time since last request: 15.051177 seconds.
  path: Assets/Audio/Sonic/Sonic Ready.wav
  artifactKey: Guid(8b16220a00f874346bcfa6bf86a04503) Importer(815301076,1909f56bfc062723c751e8b465ee728b)
Start importing Assets/Audio/Sonic/Sonic Ready.wav using Guid(8b16220a00f874346bcfa6bf86a04503) Importer(815301076,1909f56bfc062723c751e8b465ee728b)  -> (artifact id: 'aa340b0f8b8e23c8c4e8e2f4a70fb05a') in 0.033890 seconds 
========================================================================
Received Import Request.
  Time since last request: 477.779266 seconds.
  path: Assets/Audio/Sonic/Sonic Ready 1.wav
  artifactKey: Guid(c9f64c3e274f8ad43844a85dc8ffb8d8) Importer(815301076,1909f56bfc062723c751e8b465ee728b)
Start importing Assets/Audio/Sonic/Sonic Ready 1.wav using Guid(c9f64c3e274f8ad43844a85dc8ffb8d8) Importer(815301076,1909f56bfc062723c751e8b465ee728b)  -> (artifact id: '5678eed75fd721da7daa208e8a54a6b7') in 0.023749 seconds 
========================================================================
Received Prepare
Registering precompiled user dll's ...
Registered in 0.001582 seconds.
Begin MonoManager ReloadAssembly
Native extension for WindowsStandalone target not found
Refreshing native plugins compatible for Editor in 0.75 ms, found 0 plugins.
Preloading 0 native plugins for Editor in 0.00 ms.
Mono: successfully reloaded assembly
- Completed reload, in  1.605 seconds
Platform modules already initialized, skipping
Shader 'Universal Render Pipeline/Particles/Lit': fallback shader 'Universal Render Pipeline/Particles/SimpleLit' not found
Refreshing native plugins compatible for Editor in 0.48 ms, found 0 plugins.
Preloading 0 native plugins for Editor in 0.00 ms.
Unloading 2457 Unused Serialized files (Serialized files now loaded: 0)
System memory in use before: 201.2 MB.
System memory in use after: 201.4 MB.

Unloading 4 unused Assets to reduce memory usage. Loaded Objects now: 3311.
Total: 4.040700 ms (FindLiveObjects: 0.513300 ms CreateObjectMapping: 0.234800 ms MarkObjects: 3.265200 ms  DeleteObjects: 0.025800 ms)

========================================================================
Received Prepare
Registering precompiled user dll's ...
Registered in 0.001308 seconds.
Begin MonoManager ReloadAssembly
Native extension for WindowsStandalone target not found
Refreshing native plugins compatible for Editor in 1.06 ms, found 0 plugins.
Preloading 0 native plugins for Editor in 0.00 ms.
Mono: successfully reloaded assembly
- Completed reload, in  1.368 seconds
Platform modules already initialized, skipping
Shader 'Universal Render Pipeline/Particles/Lit': fallback shader 'Universal Render Pipeline/Particles/SimpleLit' not found
Refreshing native plugins compatible for Editor in 0.48 ms, found 0 plugins.
Preloading 0 native plugins for Editor in 0.00 ms.
Unloading 2457 Unused Serialized files (Serialized files now loaded: 0)
System memory in use before: 201.2 MB.
System memory in use after: 201.4 MB.

Unloading 4 unused Assets to reduce memory usage. Loaded Objects now: 3314.
Total: 2.839100 ms (FindLiveObjects: 0.279300 ms CreateObjectMapping: 0.144700 ms MarkObjects: 2.397800 ms  DeleteObjects: 0.016100 ms)

========================================================================
Received Import Request.
  Time since last request: 322.988743 seconds.
  path: Assets/Audio/Sonic/Sonic Go.wav
  artifactKey: Guid(6b48c1c2c2d48164c946a483aaf9f0f6) Importer(815301076,1909f56bfc062723c751e8b465ee728b)
Start importing Assets/Audio/Sonic/Sonic Go.wav using Guid(6b48c1c2c2d48164c946a483aaf9f0f6) Importer(815301076,1909f56bfc062723c751e8b465ee728b)  -> (artifact id: '6597aef5feca02bfb156ec89305e7cfe') in 0.240432 seconds 
========================================================================
Received Prepare
Registering precompiled user dll's ...
Registered in 0.001329 seconds.
Begin MonoManager ReloadAssembly
Native extension for WindowsStandalone target not found
Refreshing native plugins compatible for Editor in 0.49 ms, found 0 plugins.
Preloading 0 native plugins for Editor in 0.00 ms.
Mono: successfully reloaded assembly
- Completed reload, in  1.244 seconds
Platform modules already initialized, skipping
Shader 'Universal Render Pipeline/Particles/Lit': fallback shader 'Universal Render Pipeline/Particles/SimpleLit' not found
Refreshing native plugins compatible for Editor in 0.47 ms, found 0 plugins.
Preloading 0 native plugins for Editor in 0.00 ms.
Unloading 2457 Unused Serialized files (Serialized files now loaded: 0)
System memory in use before: 201.2 MB.
System memory in use after: 201.4 MB.

Unloading 4 unused Assets to reduce memory usage. Loaded Objects now: 3318.
Total: 2.852800 ms (FindLiveObjects: 0.281700 ms CreateObjectMapping: 0.182900 ms MarkObjects: 2.350400 ms  DeleteObjects: 0.036800 ms)

========================================================================
Received Prepare
Registering precompiled user dll's ...
Registered in 0.001329 seconds.
Begin MonoManager ReloadAssembly
Native extension for WindowsStandalone target not found
Refreshing native plugins compatible for Editor in 0.54 ms, found 0 plugins.
Preloading 0 native plugins for Editor in 0.00 ms.
Mono: successfully reloaded assembly
- Completed reload, in  1.264 seconds
Platform modules already initialized, skipping
Shader 'Universal Render Pipeline/Particles/Lit': fallback shader 'Universal Render Pipeline/Particles/SimpleLit' not found
Refreshing native plugins compatible for Editor in 0.45 ms, found 0 plugins.
Preloading 0 native plugins for Editor in 0.00 ms.
Unloading 2457 Unused Serialized files (Serialized files now loaded: 0)
System memory in use before: 201.2 MB.
System memory in use after: 201.4 MB.

Unloading 4 unused Assets to reduce memory usage. Loaded Objects now: 3321.
Total: 2.929800 ms (FindLiveObjects: 0.270600 ms CreateObjectMapping: 0.139600 ms MarkObjects: 2.503000 ms  DeleteObjects: 0.015500 ms)

========================================================================
Received Prepare
Registering precompiled user dll's ...
Registered in 0.001501 seconds.
Begin MonoManager ReloadAssembly
Native extension for WindowsStandalone target not found
Refreshing native plugins compatible for Editor in 0.52 ms, found 0 plugins.
Preloading 0 native plugins for Editor in 0.00 ms.
Mono: successfully reloaded assembly
- Completed reload, in  1.180 seconds
Platform modules already initialized, skipping
Shader 'Universal Render Pipeline/Particles/Lit': fallback shader 'Universal Render Pipeline/Particles/SimpleLit' not found
Refreshing native plugins compatible for Editor in 0.51 ms, found 0 plugins.
Preloading 0 native plugins for Editor in 0.00 ms.
Unloading 2457 Unused Serialized files (Serialized files now loaded: 0)
System memory in use before: 201.2 MB.
System memory in use after: 201.4 MB.

Unloading 4 unused Assets to reduce memory usage. Loaded Objects now: 3324.
Total: 2.515700 ms (FindLiveObjects: 0.259200 ms CreateObjectMapping: 0.146700 ms MarkObjects: 2.079000 ms  DeleteObjects: 0.029700 ms)

========================================================================
Received Prepare
Shader 'Universal Render Pipeline/Particles/Lit': fallback shader 'Universal Render Pipeline/Particles/SimpleLit' not found
Refreshing native plugins compatible for Editor in 2.12 ms, found 0 plugins.
Preloading 0 native plugins for Editor in 0.00 ms.
Unloading 3 Unused Serialized files (Serialized files now loaded: 0)
System memory in use before: 151.8 MB.
System memory in use after: 152.0 MB.

Unloading 2 unused Assets to reduce memory usage. Loaded Objects now: 3324.
Total: 3.655000 ms (FindLiveObjects: 0.260500 ms CreateObjectMapping: 0.203500 ms MarkObjects: 3.175100 ms  DeleteObjects: 0.015000 ms)

AssetImportWorkerClient::OnTransportError - code=2 error=End of file
